<?xml version="1.0" encoding="UTF-8"?>
<!-- Generated by org.testng.reporters.JUnitXMLReporter -->
<testsuite ignored="0" hostname="TAPAN-PC" failures="0" tests="6" name="Free CRM App Test Cases" time="87.605" errors="0" timestamp="04 Mar. 2022 18:52:08 GMT">
  <testcase classname="tests.LoginPageTest" name="LoginWithRightunameandpswd" time="1.839"/>
  <testcase classname="tests.LoginPageTest" name="Loginwithwrongunameandpswd" time="1.153"/>
  <testcase classname="tests.LoginPageTest" name="VerifyloginTitle" time="0.005"/>
  <testcase classname="tests.HomePageTest" name="InOrdertogetRegisterPage" time="2.401"/>
  <testcase classname="tests.HomePageTest" name="ValidateonRegPage" time="2.439"/>
  <testcase classname="tests.HomePageTest" name="VerifyAfterRegMsg" time="6.747"/>
</testsuite> <!-- Free CRM App Test Cases -->
