<?xml version="1.0" encoding="UTF-8"?>
<!-- Generated by org.testng.reporters.JUnitXMLReporter -->
<testsuite ignored="0" hostname="TAPAN-PC" failures="0" tests="6" name="Command line test" time="86.655" errors="0" timestamp="04 Mar. 2022 20:27:38 GMT">
  <testcase classname="tests.LoginPageTest" name="LoginWithRightunameandpswd" time="1.529"/>
  <testcase classname="tests.LoginPageTest" name="Loginwithwrongunameandpswd" time="1.153"/>
  <testcase classname="tests.LoginPageTest" name="VerifyloginTitle" time="0.011"/>
  <testcase classname="tests.HomePageTest" name="InOrdertogetRegisterPage" time="2.399"/>
  <testcase classname="tests.HomePageTest" name="ValidateonRegPage" time="2.513"/>
  <testcase classname="tests.HomePageTest" name="VerifyAfterRegMsg" time="6.915"/>
</testsuite> <!-- Command line test -->
