<?xml version="1.0" encoding="UTF-8"?>
<testng-results ignored="0" total="6" passed="6" failed="0" skipped="0">
  <reporter-output>
  </reporter-output>
  <suite started-at="2022-03-04T20:26:12Z" name="Command line suite" finished-at="2022-03-04T20:27:38Z" duration-ms="86655">
    <groups>
    </groups>
    <test started-at="2022-03-04T20:26:12Z" name="Command line test" finished-at="2022-03-04T20:27:38Z" duration-ms="86655">
      <class name="tests.HomePageTest">
        <test-method is-config="true" signature="SetUp()[pri:0, instance:tests.HomePageTest@147a5d08]" started-at="2022-03-04T15:26:50Z" name="SetUp" finished-at="2022-03-04T15:27:04Z" duration-ms="13917" status="PASS">
          <reporter-output>
          </reporter-output>
        </test-method> <!-- SetUp -->
        <test-method signature="InOrdertogetRegisterPage()[pri:1, instance:tests.HomePageTest@147a5d08]" started-at="2022-03-04T15:27:04Z" name="InOrdertogetRegisterPage" finished-at="2022-03-04T15:27:06Z" duration-ms="2399" status="PASS">
          <reporter-output>
          </reporter-output>
        </test-method> <!-- InOrdertogetRegisterPage -->
        <test-method is-config="true" signature="TearDown()[pri:0, instance:tests.HomePageTest@147a5d08]" started-at="2022-03-04T15:27:06Z" name="TearDown" finished-at="2022-03-04T15:27:08Z" duration-ms="1242" status="PASS">
          <reporter-output>
          </reporter-output>
        </test-method> <!-- TearDown -->
        <test-method is-config="true" signature="SetUp()[pri:0, instance:tests.HomePageTest@147a5d08]" started-at="2022-03-04T15:27:08Z" name="SetUp" finished-at="2022-03-04T15:27:17Z" duration-ms="9654" status="PASS">
          <reporter-output>
          </reporter-output>
        </test-method> <!-- SetUp -->
        <test-method signature="ValidateonRegPage()[pri:2, instance:tests.HomePageTest@147a5d08]" started-at="2022-03-04T15:27:17Z" name="ValidateonRegPage" finished-at="2022-03-04T15:27:20Z" duration-ms="2513" status="PASS">
          <reporter-output>
          </reporter-output>
        </test-method> <!-- ValidateonRegPage -->
        <test-method is-config="true" signature="TearDown()[pri:0, instance:tests.HomePageTest@147a5d08]" started-at="2022-03-04T15:27:20Z" name="TearDown" finished-at="2022-03-04T15:27:21Z" duration-ms="1204" status="PASS">
          <reporter-output>
          </reporter-output>
        </test-method> <!-- TearDown -->
        <test-method is-config="true" signature="SetUp()[pri:0, instance:tests.HomePageTest@147a5d08]" started-at="2022-03-04T15:27:21Z" name="SetUp" finished-at="2022-03-04T15:27:30Z" duration-ms="9262" status="PASS">
          <reporter-output>
          </reporter-output>
        </test-method> <!-- SetUp -->
        <test-method signature="VerifyAfterRegMsg()[pri:3, instance:tests.HomePageTest@147a5d08]" started-at="2022-03-04T15:27:30Z" name="VerifyAfterRegMsg" finished-at="2022-03-04T15:27:37Z" duration-ms="6915" status="PASS">
          <reporter-output>
          </reporter-output>
        </test-method> <!-- VerifyAfterRegMsg -->
        <test-method is-config="true" signature="TearDown()[pri:0, instance:tests.HomePageTest@147a5d08]" started-at="2022-03-04T15:27:37Z" name="TearDown" finished-at="2022-03-04T15:27:38Z" duration-ms="1239" status="PASS">
          <reporter-output>
          </reporter-output>
        </test-method> <!-- TearDown -->
      </class> <!-- tests.HomePageTest -->
      <class name="tests.LoginPageTest">
        <test-method is-config="true" signature="SetUp()[pri:0, instance:tests.LoginPageTest@6676f6a0]" started-at="2022-03-04T15:26:12Z" name="SetUp" finished-at="2022-03-04T15:26:24Z" duration-ms="11822" status="PASS">
          <reporter-output>
          </reporter-output>
        </test-method> <!-- SetUp -->
        <test-method signature="LoginWithRightunameandpswd()[pri:0, instance:tests.LoginPageTest@6676f6a0]" started-at="2022-03-04T15:26:24Z" name="LoginWithRightunameandpswd" finished-at="2022-03-04T15:26:25Z" duration-ms="1529" status="PASS">
          <reporter-output>
          </reporter-output>
        </test-method> <!-- LoginWithRightunameandpswd -->
        <test-method is-config="true" signature="TearDown()[pri:0, instance:tests.LoginPageTest@6676f6a0]" started-at="2022-03-04T15:26:25Z" name="TearDown" finished-at="2022-03-04T15:26:27Z" duration-ms="1413" status="PASS">
          <reporter-output>
          </reporter-output>
        </test-method> <!-- TearDown -->
        <test-method is-config="true" signature="SetUp()[pri:0, instance:tests.LoginPageTest@6676f6a0]" started-at="2022-03-04T15:26:27Z" name="SetUp" finished-at="2022-03-04T15:26:36Z" duration-ms="9865" status="PASS">
          <reporter-output>
          </reporter-output>
        </test-method> <!-- SetUp -->
        <test-method signature="Loginwithwrongunameandpswd()[pri:0, instance:tests.LoginPageTest@6676f6a0]" started-at="2022-03-04T15:26:36Z" name="Loginwithwrongunameandpswd" finished-at="2022-03-04T15:26:38Z" duration-ms="1153" status="PASS">
          <reporter-output>
          </reporter-output>
        </test-method> <!-- Loginwithwrongunameandpswd -->
        <test-method is-config="true" signature="TearDown()[pri:0, instance:tests.LoginPageTest@6676f6a0]" started-at="2022-03-04T15:26:38Z" name="TearDown" finished-at="2022-03-04T15:26:39Z" duration-ms="1834" status="PASS">
          <reporter-output>
          </reporter-output>
        </test-method> <!-- TearDown -->
        <test-method is-config="true" signature="SetUp()[pri:0, instance:tests.LoginPageTest@6676f6a0]" started-at="2022-03-04T15:26:39Z" name="SetUp" finished-at="2022-03-04T15:26:49Z" duration-ms="9082" status="PASS">
          <reporter-output>
          </reporter-output>
        </test-method> <!-- SetUp -->
        <test-method signature="VerifyloginTitle()[pri:0, instance:tests.LoginPageTest@6676f6a0]" started-at="2022-03-04T15:26:49Z" name="VerifyloginTitle" finished-at="2022-03-04T15:26:49Z" duration-ms="11" status="PASS">
          <reporter-output>
          </reporter-output>
        </test-method> <!-- VerifyloginTitle -->
        <test-method is-config="true" signature="TearDown()[pri:0, instance:tests.LoginPageTest@6676f6a0]" started-at="2022-03-04T15:26:49Z" name="TearDown" finished-at="2022-03-04T15:26:50Z" duration-ms="1569" status="PASS">
          <reporter-output>
          </reporter-output>
        </test-method> <!-- TearDown -->
      </class> <!-- tests.LoginPageTest -->
    </test> <!-- Command line test -->
  </suite> <!-- Command line suite -->
</testng-results>
