<?xml version="1.0" encoding="UTF-8" ?>
<testsuite tests="6" failures="0" name="TestSuite" time="14.52" errors="0" skipped="0">
  <properties>
[...]
</properties>
  <testcase classname="tests.LoginPageTest" name="LoginWithRightunameandpswd" time="1.533"/>
  <testcase classname="tests.LoginPageTest" name="Loginwithwrongunameandpswd" time="1.153"/>
  <testcase classname="tests.LoginPageTest" name="VerifyloginTitle" time="0.01"/>
  <testcase classname="tests.HomePageTest" name="InOrdertogetRegisterPage" time="2.398"/>
  <testcase classname="tests.HomePageTest" name="ValidateonRegPage" time="2.512"/>
  <testcase classname="tests.HomePageTest" name="VerifyAfterRegMsg" time="6.914"/>
</testsuite>